<?xml version="1.0" encoding="UTF-8"?>
<!-- Generated by org.testng.reporters.JUnitReportReporter -->
<testsuite hostname="Laptop-Rohit" failures="0" tests="1" name="types_of_execution1.Demo3" time="9.660" errors="0" timestamp="2025-10-15T01:53:40 IST" skipped="0">
  <testcase classname="types_of_execution1.Demo3" name="case3" time="9.660"/>
</testsuite> <!-- types_of_execution1.Demo3 -->
