<?xml version="1.0" encoding="UTF-8"?>
<!-- Generated by org.testng.reporters.JUnitReportReporter -->
<testsuite hostname="Laptop-Rohit" failures="0" tests="1" name="advance_reports.BB" time="2.418" errors="0" timestamp="2025-10-30T11:12:48 IST" skipped="0">
  <testcase classname="advance_reports.BB" name="login2" time="2.418"/>
</testsuite> <!-- advance_reports.BB -->
