<?xml version="1.0" encoding="UTF-8"?>
<!-- Generated by org.testng.reporters.JUnitReportReporter -->
<testsuite hostname="Laptop-Rohit" failures="0" tests="3" name="testng_extra.Demo3" time="0.011" errors="0" timestamp="2025-10-09T17:49:22 IST" skipped="0">
  <testcase classname="testng_extra.Demo3" name="case1" time="0.007"/>
  <testcase classname="testng_extra.Demo3" name="case2" time="0.002">
    <system-out>
      <![CDATA[hello]]>
    </system-out>
  </testcase> <!-- case2 -->
  <testcase classname="testng_extra.Demo3" name="case3" time="0.002">
    <system-out>
      <![CDATA[morning]]>
    </system-out>
  </testcase> <!-- case3 -->
  <system-out>
    <![CDATA[hello
morning]]>
  </system-out>
</testsuite> <!-- testng_extra.Demo3 -->
