<?xml version="1.0" encoding="UTF-8"?>
<!-- Generated by org.testng.reporters.JUnitReportReporter -->
<testsuite hostname="Laptop-Rohit" failures="0" tests="1" name="types_of_execution.Demo3" time="7.615" errors="0" timestamp="2025-10-15T01:22:00 IST" skipped="0">
  <testcase classname="types_of_execution.Demo3" name="case3" time="7.615"/>
</testsuite> <!-- types_of_execution.Demo3 -->
