<?xml version="1.0" encoding="UTF-8"?>
<!-- Generated by org.testng.reporters.JUnitReportReporter -->
<testsuite hostname="Laptop-Rohit" failures="0" tests="2" name="types_of_execution2.Demo2" time="8.669" errors="0" timestamp="2025-10-15T02:16:08 IST" skipped="0">
  <testcase classname="types_of_execution2.Demo2" name="case12" time="4.224"/>
  <testcase classname="types_of_execution2.Demo2" name="case11" time="4.445"/>
</testsuite> <!-- types_of_execution2.Demo2 -->
