<?xml version="1.0" encoding="UTF-8"?>
<!-- Generated by org.testng.reporters.JUnitReportReporter -->
<testsuite hostname="Laptop-Rohit" failures="0" tests="3" name="testng_extra.Demo4" time="0.009" errors="0" timestamp="2025-10-10T02:34:58 IST" skipped="0">
  <testcase classname="testng_extra.Demo4" name="assembly1" time="0.007"/>
  <testcase classname="testng_extra.Demo4" name="assembly2" time="0.001"/>
  <testcase classname="testng_extra.Demo4" name="finalassembly" time="0.001"/>
</testsuite> <!-- testng_extra.Demo4 -->
