<?xml version="1.0" encoding="UTF-8"?>
<!-- Generated by org.testng.reporters.JUnitReportReporter -->
<testsuite hostname="Laptop-Rohit" failures="0" tests="1" name="advance_reports.AA" time="2.170" errors="0" timestamp="2025-10-30T10:48:40 IST" skipped="0">
  <testcase classname="advance_reports.AA" name="login" time="2.170"/>
</testsuite> <!-- advance_reports.AA -->
