<?xml version="1.0" encoding="UTF-8"?>
<!-- Generated by org.testng.reporters.JUnitReportReporter -->
<testsuite hostname="Laptop-Rohit" failures="0" tests="5" name="advance_reports.SauceDemo2" time="21.255" errors="0" timestamp="2025-10-30T17:19:55 IST" skipped="0">
  <testcase classname="advance_reports.SauceDemo2" name="login1" time="4.157"/>
  <testcase classname="advance_reports.SauceDemo2" name="login3" time="4.017"/>
  <testcase classname="advance_reports.SauceDemo2" name="takeSS" time="4.232"/>
  <testcase classname="advance_reports.SauceDemo2" name="login2" time="4.805"/>
  <testcase classname="advance_reports.SauceDemo2" name="login4" time="4.044"/>
</testsuite> <!-- advance_reports.SauceDemo2 -->
