<?xml version="1.0" encoding="UTF-8"?>
<!-- Generated by org.testng.reporters.JUnitReportReporter -->
<testsuite hostname="Laptop-Rohit" failures="0" tests="2" name="types_of_execution2.Demo1" time="9.177" errors="0" timestamp="2025-10-15T02:16:08 IST" skipped="0">
  <testcase classname="types_of_execution2.Demo1" name="case2" time="4.273"/>
  <testcase classname="types_of_execution2.Demo1" name="case1" time="4.904"/>
</testsuite> <!-- types_of_execution2.Demo1 -->
