<?xml version="1.0" encoding="UTF-8"?>
<!-- Generated by org.testng.reporters.JUnitReportReporter -->
<testsuite hostname="Laptop-Rohit" failures="0" tests="16" name="testng_extra.Demo5" time="62.252" errors="0" timestamp="2025-10-12T02:31:28 IST" skipped="0">
  <testcase classname="testng_extra.Demo5" name="testInvocation" time="3.896"/>
  <testcase classname="testng_extra.Demo5" name="testInvocation" time="4.490"/>
  <testcase classname="testng_extra.Demo5" name="testInvocation" time="3.403"/>
  <testcase classname="testng_extra.Demo5" name="testInvocation" time="4.138"/>
  <testcase classname="testng_extra.Demo5" name="testInvocation" time="4.169"/>
  <testcase classname="testng_extra.Demo5" name="testInvocation" time="3.743"/>
  <testcase classname="testng_extra.Demo5" name="testInvocation" time="3.609"/>
  <testcase classname="testng_extra.Demo5" name="testInvocation" time="4.282"/>
  <testcase classname="testng_extra.Demo5" name="testInvocation" time="4.402"/>
  <testcase classname="testng_extra.Demo5" name="testInvocation" time="1.746"/>
  <testcase classname="testng_extra.Demo5" name="testInvocation" time="3.789"/>
  <testcase classname="testng_extra.Demo5" name="testInvocation" time="4.287"/>
  <testcase classname="testng_extra.Demo5" name="testInvocation" time="3.617"/>
  <testcase classname="testng_extra.Demo5" name="testInvocation" time="4.585"/>
  <testcase classname="testng_extra.Demo5" name="testInvocation" time="4.004"/>
  <testcase classname="testng_extra.Demo5" name="testInvocation" time="4.092"/>
</testsuite> <!-- testng_extra.Demo5 -->
