<?xml version="1.0" encoding="UTF-8"?>
<!-- Generated by org.testng.reporters.JUnitReportReporter -->
<testsuite hostname="Laptop-Rohit" failures="0" tests="5" name="dp_extra.ArrayCheck" time="0.015" errors="0" timestamp="2025-10-12T02:36:24 IST" skipped="0">
  <testcase classname="dp_extra.ArrayCheck" name="loginToSauceDemo" time="0.002"/>
  <testcase classname="dp_extra.ArrayCheck" name="loginToSauceDemo" time="0.003"/>
  <testcase classname="dp_extra.ArrayCheck" name="loginToSauceDemo" time="0.001"/>
  <testcase classname="dp_extra.ArrayCheck" name="loginToSauceDemo" time="0.001"/>
  <testcase classname="dp_extra.ArrayCheck" name="loginToSauceDemo" time="0.008"/>
</testsuite> <!-- dp_extra.ArrayCheck -->
