<?xml version="1.0" encoding="UTF-8"?>
<!-- Generated by org.testng.reporters.JUnitReportReporter -->
<testsuite hostname="Laptop-Rohit" failures="0" tests="1" name="organization.OrganizationTest4" time="19.913" errors="0" timestamp="2025-10-16T03:36:06 IST" skipped="0">
  <testcase classname="organization.OrganizationTest4" name="createOrgTest" time="19.913"/>
</testsuite> <!-- organization.OrganizationTest4 -->
