<?xml version="1.0" encoding="UTF-8"?>
<!-- Generated by org.testng.reporters.JUnitReportReporter -->
<testsuite hostname="Laptop-Rohit" failures="0" tests="1" name="types_of_execution.Demo2" time="7.645" errors="0" timestamp="2025-10-15T01:22:00 IST" skipped="0">
  <testcase classname="types_of_execution.Demo2" name="case2" time="7.645"/>
</testsuite> <!-- types_of_execution.Demo2 -->
