<?xml version="1.0" encoding="UTF-8"?>
<!-- Generated by org.testng.reporters.JUnitReportReporter -->
<testsuite hostname="Laptop-Rohit" failures="0" tests="2" name="types_of_execution.Demo1" time="13.612" errors="0" timestamp="2025-10-15T01:22:00 IST" skipped="0">
  <testcase classname="types_of_execution.Demo1" name="case11" time="6.234"/>
  <testcase classname="types_of_execution.Demo1" name="case1" time="7.378"/>
</testsuite> <!-- types_of_execution.Demo1 -->
