<?xml version="1.0" encoding="UTF-8"?>
<!-- Generated by org.testng.reporters.JUnitReportReporter -->
<testsuite hostname="Laptop-Rohit" failures="0" tests="2" name="config_ann_extra.ContactTest" time="0.010" errors="0" timestamp="2025-10-15T02:16:18 IST" skipped="0">
  <testcase classname="config_ann_extra.ContactTest" name="deleteContactTest" time="0.003"/>
  <testcase classname="config_ann_extra.ContactTest" name="createContactTest" time="0.007"/>
</testsuite> <!-- config_ann_extra.ContactTest -->
