<?xml version="1.0" encoding="UTF-8"?>
<!-- Generated by org.testng.reporters.JUnitReportReporter -->
<testsuite hostname="Laptop-Rohit" failures="0" tests="1" name="advance_reports.SauceDemo1" time="4.145" errors="0" timestamp="2025-10-30T11:22:53 IST" skipped="0">
  <testcase classname="advance_reports.SauceDemo1" name="login" time="4.145"/>
</testsuite> <!-- advance_reports.SauceDemo1 -->
